<?xml version="1.0" encoding="UTF-8"?>
<!-- Generated by org.testng.reporters.JUnitReportReporter -->
<testsuite skipped="0" hostname="mokshagnya" name="com.crm.qa.testdata.DataProviderDemo" tests="2" failures="0" timestamp="20 Feb 2019 20:31:06 GMT" time="0.012" errors="0">
  <testcase name="read" time="0.010" classname="com.crm.qa.testdata.DataProviderDemo"/>
  <testcase name="read" time="0.002" classname="com.crm.qa.testdata.DataProviderDemo"/>
</testsuite> <!-- com.crm.qa.testdata.DataProviderDemo -->
