<?xml version="1.0" encoding="UTF-8"?>
<!-- Generated by org.testng.reporters.JUnitReportReporter -->
<testsuite skipped="0" hostname="mokshagnya" name="com.crm.qa.testdata.HomePageTest" tests="2" failures="0" timestamp="15 Feb 2019 21:32:19 GMT" time="4.425" errors="0">
  <testcase name="clickcontacttest" time="4.382" classname="com.crm.qa.testdata.HomePageTest"/>
  <testcase name="validateContactslinkTest" time="0.043" classname="com.crm.qa.testdata.HomePageTest"/>
</testsuite> <!-- com.crm.qa.testdata.HomePageTest -->
