<?xml version="1.0" encoding="UTF-8"?>
<!-- Generated by org.testng.reporters.JUnitReportReporter -->
<testsuite skipped="0" hostname="mokshagnya" name="com.crm.qa.testdata.HomePageTest2" tests="1" failures="0" timestamp="20 Feb 2019 17:59:24 GMT" time="10.197" errors="0">
  <testcase name="contactsLinkClickTest" time="10.197" classname="com.crm.qa.testdata.HomePageTest2"/>
</testsuite> <!-- com.crm.qa.testdata.HomePageTest2 -->
