<?xml version="1.0" encoding="UTF-8"?>
<!-- Generated by org.testng.reporters.JUnitReportReporter -->
<testsuite skipped="0" hostname="mokshagnya" name="com.crm.qa.testdata.NewContactPageTest" tests="2" failures="0" timestamp="22 Feb 2019 21:25:25 GMT" time="29.333" errors="0">
  <testcase name="read" time="14.693" classname="com.crm.qa.testdata.NewContactPageTest"/>
  <testcase name="read" time="14.640" classname="com.crm.qa.testdata.NewContactPageTest"/>
</testsuite> <!-- com.crm.qa.testdata.NewContactPageTest -->
