<?xml version="1.0" encoding="UTF-8"?>
<!-- Generated by org.testng.reporters.JUnitReportReporter -->
<testsuite skipped="0" hostname="mokshagnya" name="com.crm.qa.testdata.LoginPageTest" tests="3" failures="0" timestamp="20 Feb 2019 17:59:24 GMT" time="24.171" errors="0">
  <testcase name="Validatelogintitletest" time="7.720" classname="com.crm.qa.testdata.LoginPageTest"/>
  <testcase name="ValidateCrmlogotest" time="6.868" classname="com.crm.qa.testdata.LoginPageTest"/>
  <testcase name="logintest" time="9.583" classname="com.crm.qa.testdata.LoginPageTest"/>
</testsuite> <!-- com.crm.qa.testdata.LoginPageTest -->
